2025-12-24 23:15:56.446 [info] Reading sessions from keychain...
2025-12-24 23:15:56.446 [info] Getting sessions for all scopes...
2025-12-24 23:15:56.446 [info] Got 0 sessions for ...
2025-12-24 23:15:56.446 [info] Getting sessions for all scopes...
2025-12-24 23:15:56.446 [info] Got 0 sessions for ...
2025-12-24 23:15:56.446 [info] Getting sessions for all scopes...
2025-12-24 23:15:56.446 [info] Got 0 sessions for ...
2025-12-24 23:15:56.446 [info] Getting sessions for all scopes...
2025-12-24 23:15:56.446 [info] Got 0 sessions for ...
2025-12-24 23:15:56.446 [info] Getting sessions for all scopes...
2025-12-24 23:15:56.446 [info] Got 0 sessions for ...
2025-12-24 23:15:56.446 [info] Getting sessions for all scopes...
2025-12-24 23:15:56.446 [info] Got 0 sessions for ...
2025-12-24 23:15:56.446 [info] Getting sessions for all scopes...
2025-12-24 23:15:56.446 [info] Got 0 sessions for ...
2025-12-24 23:15:56.446 [info] Getting sessions for all scopes...
2025-12-24 23:15:56.446 [info] Got 0 sessions for ...
2025-12-24 23:15:56.446 [info] Getting sessions for all scopes...
2025-12-24 23:15:56.446 [info] Got 0 sessions for ...
2025-12-24 23:15:56.447 [info] Getting sessions for all scopes...
2025-12-24 23:15:56.447 [info] Got 0 sessions for ...
2025-12-24 23:15:56.448 [info] Getting sessions for all scopes...
2025-12-24 23:15:56.448 [info] Got 0 sessions for ...
2025-12-24 23:15:56.448 [info] Getting sessions for all scopes...
2025-12-24 23:15:56.448 [info] Got 0 sessions for ...
2025-12-24 23:15:56.448 [info] Getting sessions for all scopes...
2025-12-24 23:15:56.448 [info] Got 0 sessions for ...
2025-12-24 23:15:56.448 [info] Getting sessions for all scopes...
2025-12-24 23:15:56.448 [info] Got 0 sessions for ...
2025-12-24 23:15:56.448 [info] Getting sessions for all scopes...
2025-12-24 23:15:56.448 [info] Got 0 sessions for ...
2025-12-24 23:15:58.018 [info] Getting sessions for all scopes...
2025-12-24 23:15:58.018 [info] Got 0 sessions for ...
2025-12-24 23:15:58.886 [info] Getting sessions for read:user,repo,user:email,workflow...
2025-12-24 23:15:58.886 [info] Got 0 sessions for read:user,repo,user:email,workflow...
