2025-12-24 23:01:49.404 [info] [main] Log level: Info
2025-12-24 23:01:49.404 [info] [main] Validating found git in: "git"
2025-12-24 23:01:49.404 [info] [main] Using git "2.52.0" from "git"
2025-12-24 23:01:49.404 [info] [Model][doInitialScan] Initial repository scan started
2025-12-24 23:01:49.404 [info] > git rev-parse --show-toplevel [7ms]
2025-12-24 23:01:49.404 [info] fatal: not a git repository (or any parent up to mount point /)
Stopping at filesystem boundary (GIT_DISCOVERY_ACROSS_FILESYSTEM not set).
2025-12-24 23:01:49.404 [info] > git rev-parse --show-toplevel [6ms]
2025-12-24 23:01:49.404 [info] fatal: not a git repository (or any parent up to mount point /)
Stopping at filesystem boundary (GIT_DISCOVERY_ACROSS_FILESYSTEM not set).
2025-12-24 23:01:49.404 [info] > git rev-parse --show-toplevel [4ms]
2025-12-24 23:01:49.404 [info] fatal: not a git repository (or any parent up to mount point /)
Stopping at filesystem boundary (GIT_DISCOVERY_ACROSS_FILESYSTEM not set).
2025-12-24 23:01:49.404 [info] > git rev-parse --show-toplevel [9ms]
2025-12-24 23:01:49.404 [info] fatal: not a git repository (or any parent up to mount point /)
Stopping at filesystem boundary (GIT_DISCOVERY_ACROSS_FILESYSTEM not set).
2025-12-24 23:01:49.404 [info] [Model][doInitialScan] Initial repository scan completed - repositories (0), closed repositories (0), parent repositories (0), unsafe repositories (0)
2025-12-24 23:01:49.409 [info] > git rev-parse --show-toplevel [2ms]
2025-12-24 23:01:49.409 [info] fatal: not a git repository (or any parent up to mount point /)
Stopping at filesystem boundary (GIT_DISCOVERY_ACROSS_FILESYSTEM not set).
2025-12-24 23:01:49.619 [info] > git rev-parse --show-toplevel [1ms]
2025-12-24 23:01:49.619 [info] fatal: not a git repository (or any parent up to mount point /)
Stopping at filesystem boundary (GIT_DISCOVERY_ACROSS_FILESYSTEM not set).
2025-12-24 23:01:50.838 [info] > git rev-parse --show-toplevel [1ms]
2025-12-24 23:01:50.838 [info] fatal: not a git repository (or any parent up to mount point /)
Stopping at filesystem boundary (GIT_DISCOVERY_ACROSS_FILESYSTEM not set).
2025-12-24 23:08:58.482 [info] > git rev-parse --show-toplevel [2ms]
2025-12-24 23:08:58.482 [info] fatal: not a git repository (or any parent up to mount point /)
Stopping at filesystem boundary (GIT_DISCOVERY_ACROSS_FILESYSTEM not set).
2025-12-24 23:09:13.576 [info] > git rev-parse --show-toplevel [1ms]
2025-12-24 23:09:13.576 [info] fatal: not a git repository (or any parent up to mount point /)
Stopping at filesystem boundary (GIT_DISCOVERY_ACROSS_FILESYSTEM not set).
2025-12-24 23:09:14.221 [info] > git rev-parse --show-toplevel [8ms]
2025-12-24 23:09:14.221 [info] fatal: not a git repository (or any parent up to mount point /)
Stopping at filesystem boundary (GIT_DISCOVERY_ACROSS_FILESYSTEM not set).
