2025-12-24 22:36:36.011 [info] [main] Log level: Info
2025-12-24 22:36:36.011 [info] [main] Validating found git in: "git"
2025-12-24 22:36:36.011 [info] [main] Using git "2.52.0" from "git"
2025-12-24 22:36:36.011 [info] [Model][doInitialScan] Initial repository scan started
2025-12-24 22:36:36.011 [info] > git rev-parse --show-toplevel [12ms]
2025-12-24 22:36:36.011 [info] fatal: not a git repository (or any parent up to mount point /)
Stopping at filesystem boundary (GIT_DISCOVERY_ACROSS_FILESYSTEM not set).
2025-12-24 22:36:36.011 [info] > git rev-parse --show-toplevel [12ms]
2025-12-24 22:36:36.011 [info] fatal: not a git repository (or any parent up to mount point /)
Stopping at filesystem boundary (GIT_DISCOVERY_ACROSS_FILESYSTEM not set).
2025-12-24 22:36:36.011 [info] [Model][doInitialScan] Initial repository scan completed - repositories (0), closed repositories (0), parent repositories (0), unsafe repositories (0)
2025-12-24 22:36:36.011 [info] > git rev-parse --show-toplevel [2ms]
2025-12-24 22:36:36.011 [info] fatal: not a git repository (or any parent up to mount point /)
Stopping at filesystem boundary (GIT_DISCOVERY_ACROSS_FILESYSTEM not set).
2025-12-24 22:36:36.011 [info] > git rev-parse --show-toplevel [1ms]
2025-12-24 22:36:36.011 [info] fatal: not a git repository (or any parent up to mount point /)
Stopping at filesystem boundary (GIT_DISCOVERY_ACROSS_FILESYSTEM not set).
2025-12-24 22:36:36.187 [info] > git rev-parse --show-toplevel [2ms]
2025-12-24 22:36:36.187 [info] fatal: not a git repository (or any parent up to mount point /)
Stopping at filesystem boundary (GIT_DISCOVERY_ACROSS_FILESYSTEM not set).
2025-12-24 22:36:37.392 [info] > git rev-parse --show-toplevel [2ms]
2025-12-24 22:36:37.392 [info] fatal: not a git repository (or any parent up to mount point /)
Stopping at filesystem boundary (GIT_DISCOVERY_ACROSS_FILESYSTEM not set).
