2025-12-24 22:06:54.145 [info] [main] Log level: Info
2025-12-24 22:06:54.145 [info] [main] Validating found git in: "git"
2025-12-24 22:06:54.145 [info] [main] Using git "2.52.0" from "git"
2025-12-24 22:06:54.145 [info] [Model][doInitialScan] Initial repository scan started
2025-12-24 22:06:54.145 [info] > git rev-parse --show-toplevel [9ms]
2025-12-24 22:06:54.145 [info] fatal: not a git repository (or any parent up to mount point /)
Stopping at filesystem boundary (GIT_DISCOVERY_ACROSS_FILESYSTEM not set).
2025-12-24 22:06:54.145 [info] [Model][doInitialScan] Initial repository scan completed - repositories (0), closed repositories (0), parent repositories (0), unsafe repositories (0)
2025-12-24 22:06:54.249 [info] > git rev-parse --show-toplevel [1ms]
2025-12-24 22:06:54.249 [info] fatal: not a git repository (or any parent up to mount point /)
Stopping at filesystem boundary (GIT_DISCOVERY_ACROSS_FILESYSTEM not set).
2025-12-24 22:06:55.355 [info] > git rev-parse --show-toplevel [1ms]
2025-12-24 22:06:55.355 [info] fatal: not a git repository (or any parent up to mount point /)
Stopping at filesystem boundary (GIT_DISCOVERY_ACROSS_FILESYSTEM not set).
2025-12-24 22:07:10.415 [info] > git rev-parse --show-toplevel [1ms]
2025-12-24 22:07:10.416 [info] fatal: not a git repository (or any parent up to mount point /)
Stopping at filesystem boundary (GIT_DISCOVERY_ACROSS_FILESYSTEM not set).
2025-12-24 22:07:10.960 [info] > git rev-parse --show-toplevel [1ms]
2025-12-24 22:07:10.960 [info] fatal: not a git repository (or any parent up to mount point /)
Stopping at filesystem boundary (GIT_DISCOVERY_ACROSS_FILESYSTEM not set).
2025-12-24 22:07:22.035 [info] > git rev-parse --show-toplevel [1ms]
2025-12-24 22:07:22.035 [info] fatal: not a git repository (or any parent up to mount point /)
Stopping at filesystem boundary (GIT_DISCOVERY_ACROSS_FILESYSTEM not set).
2025-12-24 22:08:00.019 [info] > git rev-parse --show-toplevel [1ms]
2025-12-24 22:08:00.019 [info] fatal: not a git repository (or any parent up to mount point /)
Stopping at filesystem boundary (GIT_DISCOVERY_ACROSS_FILESYSTEM not set).
2025-12-24 22:08:21.292 [info] > git rev-parse --show-toplevel [1ms]
2025-12-24 22:08:21.292 [info] fatal: not a git repository (or any parent up to mount point /)
Stopping at filesystem boundary (GIT_DISCOVERY_ACROSS_FILESYSTEM not set).
2025-12-24 22:08:25.179 [info] > git rev-parse --show-toplevel [2ms]
2025-12-24 22:08:25.179 [info] fatal: not a git repository (or any parent up to mount point /)
Stopping at filesystem boundary (GIT_DISCOVERY_ACROSS_FILESYSTEM not set).
